{"total": {"lines":{"total":82,"covered":73,"skipped":0,"pct":89.02},"statements":{"total":90,"covered":78,"skipped":0,"pct":86.66},"functions":{"total":23,"covered":15,"skipped":0,"pct":65.21},"branches":{"total":4,"covered":2,"skipped":0,"pct":50},"branchesTrue":{"total":0,"covered":0,"skipped":0,"pct":100}}
,"/home/guilherme/Documents/Trybe/to_do/src/api/index.ts": {"lines":{"total":14,"covered":13,"skipped":0,"pct":92.85},"functions":{"total":1,"covered":0,"skipped":0,"pct":0},"statements":{"total":14,"covered":13,"skipped":0,"pct":92.85},"branches":{"total":0,"covered":0,"skipped":0,"pct":100}}
,"/home/guilherme/Documents/Trybe/to_do/src/api/middlewares/cors.middleware.ts": {"lines":{"total":5,"covered":5,"skipped":0,"pct":100},"functions":{"total":1,"covered":1,"skipped":0,"pct":100},"statements":{"total":6,"covered":6,"skipped":0,"pct":100},"branches":{"total":0,"covered":0,"skipped":0,"pct":100}}
,"/home/guilherme/Documents/Trybe/to_do/src/api/middlewares/error-handler.middleware.ts": {"lines":{"total":6,"covered":1,"skipped":0,"pct":16.66},"functions":{"total":1,"covered":0,"skipped":0,"pct":0},"statements":{"total":7,"covered":2,"skipped":0,"pct":28.57},"branches":{"total":2,"covered":0,"skipped":0,"pct":0}}
,"/home/guilherme/Documents/Trybe/to_do/src/api/middlewares/index.ts": {"lines":{"total":1,"covered":1,"skipped":0,"pct":100},"functions":{"total":0,"covered":0,"skipped":0,"pct":100},"statements":{"total":1,"covered":1,"skipped":0,"pct":100},"branches":{"total":0,"covered":0,"skipped":0,"pct":100}}
,"/home/guilherme/Documents/Trybe/to_do/src/api/routes/todo.routes.ts": {"lines":{"total":17,"covered":14,"skipped":0,"pct":82.35},"functions":{"total":10,"covered":4,"skipped":0,"pct":40},"statements":{"total":22,"covered":16,"skipped":0,"pct":72.72},"branches":{"total":0,"covered":0,"skipped":0,"pct":100}}
,"/home/guilherme/Documents/Trybe/to_do/src/app/controllers/index.ts": {"lines":{"total":1,"covered":1,"skipped":0,"pct":100},"functions":{"total":0,"covered":0,"skipped":0,"pct":100},"statements":{"total":1,"covered":1,"skipped":0,"pct":100},"branches":{"total":0,"covered":0,"skipped":0,"pct":100}}
,"/home/guilherme/Documents/Trybe/to_do/src/app/controllers/todos.controller.ts": {"lines":{"total":9,"covered":9,"skipped":0,"pct":100},"functions":{"total":2,"covered":2,"skipped":0,"pct":100},"statements":{"total":9,"covered":9,"skipped":0,"pct":100},"branches":{"total":0,"covered":0,"skipped":0,"pct":100}}
,"/home/guilherme/Documents/Trybe/to_do/src/app/errors/not-found.error.ts": {"lines":{"total":3,"covered":3,"skipped":0,"pct":100},"functions":{"total":1,"covered":1,"skipped":0,"pct":100},"statements":{"total":3,"covered":3,"skipped":0,"pct":100},"branches":{"total":0,"covered":0,"skipped":0,"pct":100}}
,"/home/guilherme/Documents/Trybe/to_do/src/app/models/index.ts": {"lines":{"total":1,"covered":1,"skipped":0,"pct":100},"functions":{"total":0,"covered":0,"skipped":0,"pct":100},"statements":{"total":1,"covered":1,"skipped":0,"pct":100},"branches":{"total":0,"covered":0,"skipped":0,"pct":100}}
,"/home/guilherme/Documents/Trybe/to_do/src/app/models/todos.model.ts": {"lines":{"total":8,"covered":8,"skipped":0,"pct":100},"functions":{"total":3,"covered":3,"skipped":0,"pct":100},"statements":{"total":8,"covered":8,"skipped":0,"pct":100},"branches":{"total":0,"covered":0,"skipped":0,"pct":100}}
,"/home/guilherme/Documents/Trybe/to_do/src/app/services/index.ts": {"lines":{"total":1,"covered":1,"skipped":0,"pct":100},"functions":{"total":0,"covered":0,"skipped":0,"pct":100},"statements":{"total":1,"covered":1,"skipped":0,"pct":100},"branches":{"total":0,"covered":0,"skipped":0,"pct":100}}
,"/home/guilherme/Documents/Trybe/to_do/src/app/services/todos.service.ts": {"lines":{"total":10,"covered":10,"skipped":0,"pct":100},"functions":{"total":3,"covered":3,"skipped":0,"pct":100},"statements":{"total":11,"covered":11,"skipped":0,"pct":100},"branches":{"total":2,"covered":2,"skipped":0,"pct":100}}
,"/home/guilherme/Documents/Trybe/to_do/src/app/validators/index.ts": {"lines":{"total":1,"covered":1,"skipped":0,"pct":100},"functions":{"total":0,"covered":0,"skipped":0,"pct":100},"statements":{"total":1,"covered":1,"skipped":0,"pct":100},"branches":{"total":0,"covered":0,"skipped":0,"pct":100}}
,"/home/guilherme/Documents/Trybe/to_do/src/app/validators/todos.validator.ts": {"lines":{"total":5,"covered":5,"skipped":0,"pct":100},"functions":{"total":1,"covered":1,"skipped":0,"pct":100},"statements":{"total":5,"covered":5,"skipped":0,"pct":100},"branches":{"total":0,"covered":0,"skipped":0,"pct":100}}
}
