TN:
SF:src/api/index.ts
FN:16,(anonymous_1)
FNF:1
FNH:0
FNDA:0,(anonymous_1)
DA:1,1
DA:2,1
DA:3,1
DA:4,1
DA:5,1
DA:7,1
DA:10,1
DA:11,1
DA:12,1
DA:15,1
DA:16,1
DA:17,0
DA:21,1
DA:23,1
LF:14
LH:13
BRF:0
BRH:0
end_of_record
TN:
SF:src/api/middlewares/cors.middleware.ts
FN:3,(anonymous_0)
FNF:1
FNH:1
FNDA:3,(anonymous_0)
DA:3,1
DA:4,3
DA:5,3
DA:6,3
DA:7,3
LF:5
LH:5
BRF:0
BRH:0
end_of_record
TN:
SF:src/api/middlewares/error-handler.middleware.ts
FN:3,(anonymous_0)
FNF:1
FNH:0
FNDA:0,(anonymous_0)
DA:3,1
DA:4,0
DA:5,0
DA:7,0
DA:8,0
DA:10,0
LF:6
LH:1
BRDA:5,0,0,0
BRDA:5,0,1,0
BRF:2
BRH:0
end_of_record
TN:
SF:src/api/middlewares/index.ts
FNF:0
FNH:0
DA:1,1
LF:1
LH:1
BRF:0
BRH:0
end_of_record
TN:
SF:src/api/routes/todo.routes.ts
FN:7,(anonymous_7)
FN:7,(anonymous_8)
FN:12,(anonymous_9)
FN:12,(anonymous_10)
FN:17,(anonymous_11)
FN:17,(anonymous_12)
FN:22,(anonymous_13)
FN:22,(anonymous_14)
FN:28,(anonymous_15)
FN:28,(anonymous_16)
FNF:10
FNH:4
FNDA:0,(anonymous_7)
FNDA:0,(anonymous_8)
FNDA:0,(anonymous_9)
FNDA:0,(anonymous_10)
FNDA:0,(anonymous_11)
FNDA:0,(anonymous_12)
FNDA:2,(anonymous_13)
FNDA:2,(anonymous_14)
FNDA:1,(anonymous_15)
FNDA:1,(anonymous_16)
DA:1,1
DA:2,1
DA:4,1
DA:7,1
DA:8,0
DA:12,1
DA:13,0
DA:17,1
DA:18,0
DA:22,2
DA:23,2
DA:24,1
DA:28,1
DA:29,1
DA:30,1
DA:31,1
DA:35,1
LF:17
LH:14
BRF:0
BRH:0
end_of_record
TN:
SF:src/app/controllers/index.ts
FNF:0
FNH:0
DA:1,1
LF:1
LH:1
BRF:0
BRH:0
end_of_record
TN:
SF:src/app/controllers/todos.controller.ts
FN:6,(anonymous_7)
FN:11,(anonymous_9)
FNF:2
FNH:2
FNDA:4,(anonymous_7)
FNDA:3,(anonymous_9)
DA:2,1
DA:3,1
DA:5,1
DA:7,4
DA:8,2
DA:12,3
DA:13,3
DA:14,3
DA:15,1
LF:9
LH:9
BRF:0
BRH:0
end_of_record
TN:
SF:src/app/errors/not-found.error.ts
FN:2,(anonymous_0)
FNF:1
FNH:1
FNDA:2,(anonymous_0)
DA:1,1
DA:3,2
DA:4,2
LF:3
LH:3
BRF:0
BRH:0
end_of_record
TN:
SF:src/app/models/index.ts
FNF:0
FNH:0
DA:1,1
LF:1
LH:1
BRF:0
BRH:0
end_of_record
TN:
SF:src/app/models/todos.model.ts
FN:5,(anonymous_7)
FN:10,(anonymous_9)
FN:15,(anonymous_11)
FNF:3
FNH:3
FNDA:4,(anonymous_7)
FNDA:3,(anonymous_9)
FNDA:5,(anonymous_11)
DA:1,1
DA:4,1
DA:6,4
DA:7,2
DA:11,3
DA:12,2
DA:16,5
DA:17,4
LF:8
LH:8
BRF:0
BRH:0
end_of_record
TN:
SF:src/app/services/index.ts
FNF:0
FNH:0
DA:1,1
LF:1
LH:1
BRF:0
BRH:0
end_of_record
TN:
SF:src/app/services/todos.service.ts
FN:6,(anonymous_7)
FN:11,(anonymous_9)
FN:16,(anonymous_11)
FNF:3
FNH:3
FNDA:4,(anonymous_7)
FNDA:2,(anonymous_9)
FNDA:5,(anonymous_11)
DA:2,1
DA:3,1
DA:5,1
DA:7,4
DA:8,2
DA:12,2
DA:13,2
DA:17,5
DA:18,4
DA:19,2
LF:10
LH:10
BRDA:18,0,0,2
BRDA:18,0,1,2
BRF:2
BRH:2
end_of_record
TN:
SF:src/app/validators/index.ts
FNF:0
FNH:0
DA:1,1
LF:1
LH:1
BRF:0
BRH:0
end_of_record
TN:
SF:src/app/validators/todos.validator.ts
FN:5,(anonymous_8)
FNF:1
FNH:1
FNDA:2,(anonymous_8)
DA:1,1
DA:4,1
DA:6,2
DA:11,2
DA:12,2
LF:5
LH:5
BRF:0
BRH:0
end_of_record
